# JRE version: OpenJDK Runtime Environment (21.0+35) (build 21+35-2513)
# Java VM: OpenJDK 64-Bit Server VM (21+35-2513, mixed mode, sharing, tiered, compressed oops, compressed class ptrs, g1 gc, windows-amd64)
GC Precious Log:
 CardTable entry size: 512
 Card Set container configuration: InlinePtr #cards 5 size 8 Array Of Cards #cards 12 size 40 Howl #buckets 4 coarsen threshold 1843 Howl Bitmap #cards 512 size 80 coarsen threshold 460 Card regions per heap region 1 cards per card region 2048
 CPUs: 4 total, 4 available
 Memory: 7793M
 Large Page Support: Disabled
 NUMA Support: Disabled
 Compressed Oops: Enabled (32-bit)
 Heap Region Size: 1M
 Heap Min Capacity: 8M
 Heap Initial Capacity: 122M
 Heap Max Capacity: 1G
 Pre-touch: Disabled
 Parallel Workers: 4
 Concurrent Workers: 1
 Concurrent Refinement Workers: 4
 Periodic GC: Disabled
Heap:
 garbage-first heap   total 86016K, used 38590K [0x00000000c0000000, 0x0000000100000000)
  region size 1024K, 8 young (8192K), 5 survivors (5120K)
 Metaspace       used 48244K, committed 50048K, reserved 1114112K
  class space    used 6974K, committed 7872K, reserved 1048576K
GC Heap History (20 events):
Event: 1.806 GC heap before
{Heap before GC invocations=1 (full 0):
 garbage-first heap   total 124928K, used 27904K [0x00000000c0000000, 0x0000000100000000)
  region size 1024K, 26 young (26624K), 2 survivors (2048K)
 Metaspace       used 3366K, committed 3520K, reserved 1114112K
  class space    used 416K, committed 448K, reserved 1048576K
}
Event: 1.814 GC heap after
{Heap after GC invocations=2 (full 0):
 garbage-first heap   total 124928K, used 9925K [0x00000000c0000000, 0x0000000100000000)
  region size 1024K, 4 young (4096K), 4 survivors (4096K)
 Metaspace       used 3366K, committed 3520K, reserved 1114112K
  class space    used 416K, committed 448K, reserved 1048576K
}
Event: 4.138 GC heap before
{Heap before GC invocations=2 (full 0):
 garbage-first heap   total 124928K, used 81605K [0x00000000c0000000, 0x0000000100000000)
  region size 1024K, 73 young (74752K), 4 survivors (4096K)
 Metaspace       used 5376K, committed 5632K, reserved 1114112K
  class space    used 714K, committed 832K, reserved 1048576K
}
Event: 4.151 GC heap after
{Heap after GC invocations=3 (full 0):
 garbage-first heap   total 124928K, used 16877K [0x00000000c0000000, 0x0000000100000000)
  region size 1024K, 10 young (10240K), 10 survivors (10240K)
 Metaspace       used 5376K, committed 5632K, reserved 1114112K
  class space    used 714K, committed 832K, reserved 1048576K
}
Event: 10.190 GC heap before
{Heap before GC invocations=3 (full 0):
 garbage-first heap   total 124928K, used 81389K [0x00000000c0000000, 0x0000000100000000)
  region size 1024K, 73 young (74752K), 10 survivors (10240K)
 Metaspace       used 17560K, committed 18112K, reserved 1114112K
  class space    used 2412K, committed 2688K, reserved 1048576K
}
Event: 10.203 GC heap after
{Heap after GC invocations=4 (full 0):
 garbage-first heap   total 124928K, used 22240K [0x00000000c0000000, 0x0000000100000000)
  region size 1024K, 6 young (6144K), 6 survivors (6144K)
 Metaspace       used 17560K, committed 18112K, reserved 1114112K
  class space    used 2412K, committed 2688K, reserved 1048576K
}
Event: 10.905 GC heap before
{Heap before GC invocations=4 (full 0):
 garbage-first heap   total 124928K, used 43744K [0x00000000c0000000, 0x0000000100000000)
  region size 1024K, 27 young (27648K), 6 survivors (6144K)
 Metaspace       used 20898K, committed 21504K, reserved 1114112K
  class space    used 2845K, committed 3136K, reserved 1048576K
}
Event: 10.913 GC heap after
{Heap after GC invocations=5 (full 0):
 garbage-first heap   total 124928K, used 23748K [0x00000000c0000000, 0x0000000100000000)
  region size 1024K, 2 young (2048K), 2 survivors (2048K)
 Metaspace       used 20898K, committed 21504K, reserved 1114112K
  class space    used 2845K, committed 3136K, reserved 1048576K
}
Event: 12.551 GC heap before
{Heap before GC invocations=6 (full 0):
 garbage-first heap   total 86016K, used 72900K [0x00000000c0000000, 0x0000000100000000)
  region size 1024K, 50 young (51200K), 2 survivors (2048K)
 Metaspace       used 27097K, committed 28096K, reserved 1114112K
  class space    used 3848K, committed 4352K, reserved 1048576K
}
Event: 12.560 GC heap after
{Heap after GC invocations=7 (full 0):
 garbage-first heap   total 86016K, used 26297K [0x00000000c0000000, 0x0000000100000000)
  region size 1024K, 4 young (4096K), 4 survivors (4096K)
 Metaspace       used 27097K, committed 28096K, reserved 1114112K
  class space    used 3848K, committed 4352K, reserved 1048576K
}
Event: 14.114 GC heap before
{Heap before GC invocations=7 (full 0):
 garbage-first heap   total 86016K, used 72377K [0x00000000c0000000, 0x0000000100000000)
  region size 1024K, 50 young (51200K), 4 survivors (4096K)
 Metaspace       used 33302K, committed 34624K, reserved 1114112K
  class space    used 4750K, committed 5376K, reserved 1048576K
}
Event: 14.123 GC heap after
{Heap after GC invocations=8 (full 0):
 garbage-first heap   total 86016K, used 28834K [0x00000000c0000000, 0x0000000100000000)
  region size 1024K, 6 young (6144K), 6 survivors (6144K)
 Metaspace       used 33302K, committed 34624K, reserved 1114112K
  class space    used 4750K, committed 5376K, reserved 1048576K
}
Event: 14.357 GC heap before
{Heap before GC invocations=8 (full 0):
 garbage-first heap   total 86016K, used 34978K [0x00000000c0000000, 0x0000000100000000)
  region size 1024K, 13 young (13312K), 6 survivors (6144K)
 Metaspace       used 34656K, committed 35968K, reserved 1114112K
  class space    used 4884K, committed 5568K, reserved 1048576K
}
Event: 14.365 GC heap after
{Heap after GC invocations=9 (full 0):
 garbage-first heap   total 86016K, used 29977K [0x00000000c0000000, 0x0000000100000000)
  region size 1024K, 4 young (4096K), 4 survivors (4096K)
 Metaspace       used 34656K, committed 35968K, reserved 1114112K
  class space    used 4884K, committed 5568K, reserved 1048576K
}
Event: 17.414 GC heap before
{Heap before GC invocations=10 (full 0):
 garbage-first heap   total 86016K, used 76057K [0x00000000c0000000, 0x0000000100000000)
  region size 1024K, 49 young (50176K), 4 survivors (4096K)
 Metaspace       used 37221K, committed 38656K, reserved 1114112K
  class space    used 5323K, committed 6016K, reserved 1048576K
}
Event: 17.422 GC heap after
{Heap after GC invocations=11 (full 0):
 garbage-first heap   total 86016K, used 32334K [0x00000000c0000000, 0x0000000100000000)
  region size 1024K, 4 young (4096K), 4 survivors (4096K)
 Metaspace       used 37221K, committed 38656K, reserved 1114112K
  class space    used 5323K, committed 6016K, reserved 1048576K
}
Event: 21.233 GC heap before
{Heap before GC invocations=11 (full 0):
 garbage-first heap   total 86016K, used 75342K [0x00000000c0000000, 0x0000000100000000)
  region size 1024K, 46 young (47104K), 4 survivors (4096K)
 Metaspace       used 42486K, committed 44096K, reserved 1114112K
  class space    used 6141K, committed 6912K, reserved 1048576K
}
Event: 21.240 GC heap after
{Heap after GC invocations=12 (full 0):
 garbage-first heap   total 86016K, used 33531K [0x00000000c0000000, 0x0000000100000000)
  region size 1024K, 4 young (4096K), 4 survivors (4096K)
 Metaspace       used 42486K, committed 44096K, reserved 1114112K
  class space    used 6141K, committed 6912K, reserved 1048576K
}
Event: 27.384 GC heap before
{Heap before GC invocations=12 (full 0):
 garbage-first heap   total 86016K, used 76539K [0x00000000c0000000, 0x0000000100000000)
  region size 1024K, 46 young (47104K), 4 survivors (4096K)
 Metaspace       used 48018K, committed 49792K, reserved 1114112K
  class space    used 6928K, committed 7808K, reserved 1048576K
}
Event: 27.395 GC heap after
{Heap after GC invocations=13 (full 0):
 garbage-first heap   total 86016K, used 36542K [0x00000000c0000000, 0x0000000100000000)
  region size 1024K, 5 young (5120K), 5 survivors (5120K)
 Metaspace       used 48018K, committed 49792K, reserved 1114112K
  class space    used 6928K, committed 7808K, reserved 1048576K
}

